<?xml version="1.0" encoding="UTF-8"?>
<!-- Generated by org.testng.reporters.JUnitXMLReporter -->
<testsuite ignored="0" hostname="Shaiz-Akber-G10" failures="0" tests="3" name="Test" time="58.722" errors="0" timestamp="2025-02-23T03:55:00 PKT">
  <testcase classname="Tests.LoginTests" name="InvalidUsername" time="15.947"/>
  <testcase classname="Tests.LoginTests" name="invalidPassword" time="4.251"/>
  <testcase classname="Tests.LoginTests" name="ValidLogin" time="3.759"/>
</testsuite> <!-- Test -->
