<?xml version="1.0" encoding="UTF-8"?>
<testng-results ignored="0" total="3" passed="3" failed="0" skipped="0">
  <reporter-output>
  </reporter-output>
  <suite started-at="2025-03-02T04:28:57 PKT" name="All Test Suite" finished-at="2025-03-02T04:29:57 PKT" duration-ms="60545">
    <groups>
    </groups>
    <test started-at="2025-03-02T04:28:57 PKT" name="Test" finished-at="2025-03-02T04:29:57 PKT" duration-ms="60545">
      <class name="Tests.LoginTests">
        <test-method is-config="true" signature="beforeSuite()[pri:0, instance:Tests.LoginTests@c267ef4]" started-at="2025-03-02T04:28:48 PKT" name="beforeSuite" finished-at="2025-03-02T04:28:57 PKT" duration-ms="8425" status="PASS">
          <reporter-output>
          </reporter-output>
        </test-method> <!-- beforeSuite -->
        <test-method is-config="true" signature="BeforeTestHook(java.lang.String,java.lang.String,java.lang.String)[pri:0, instance:Tests.LoginTests@c267ef4]" started-at="2025-03-02T04:28:57 PKT" name="BeforeTestHook" finished-at="2025-03-02T04:29:15 PKT" duration-ms="18472" status="PASS">
          <params>
            <param index="0">
              <value>
                <![CDATA[Android]]>
              </value>
            </param>
            <param index="1">
              <value>
                <![CDATA[pixel_7]]>
              </value>
            </param>
            <param index="2">
              <value>
                <![CDATA[emulator-5554]]>
              </value>
            </param>
          </params>
          <reporter-output>
          </reporter-output>
        </test-method> <!-- BeforeTestHook -->
        <test-method is-config="true" signature="beforeclass()[pri:0, instance:Tests.LoginTests@c267ef4]" started-at="2025-03-02T04:29:15 PKT" name="beforeclass" finished-at="2025-03-02T04:29:15 PKT" duration-ms="12" status="PASS">
          <reporter-output>
          </reporter-output>
        </test-method> <!-- beforeclass -->
        <test-method is-config="true" signature="beforeMethod()[pri:0, instance:Tests.LoginTests@c267ef4]" started-at="2025-03-02T04:29:15 PKT" name="beforeMethod" finished-at="2025-03-02T04:29:17 PKT" duration-ms="1498" status="PASS">
          <reporter-output>
          </reporter-output>
        </test-method> <!-- beforeMethod -->
        <test-method is-config="true" signature="beforemethod(java.lang.reflect.Method)[pri:0, instance:Tests.LoginTests@c267ef4]" started-at="2025-03-02T04:29:17 PKT" name="beforemethod" finished-at="2025-03-02T04:29:18 PKT" duration-ms="1313" status="PASS">
          <params>
            <param index="0">
              <value>
                <![CDATA[public void Tests.LoginTests.InvalidUsername()]]>
              </value>
            </param>
          </params>
          <reporter-output>
          </reporter-output>
        </test-method> <!-- beforemethod -->
        <test-method signature="InvalidUsername()[pri:1, instance:Tests.LoginTests@c267ef4]" started-at="2025-03-02T04:29:18 PKT" name="InvalidUsername" finished-at="2025-03-02T04:29:31 PKT" duration-ms="12768" status="PASS">
          <reporter-output>
          </reporter-output>
        </test-method> <!-- InvalidUsername -->
        <test-method is-config="true" signature="afterMethod(org.testng.ITestResult)[pri:0, instance:Tests.LoginTests@c267ef4]" started-at="2025-03-02T04:29:31 PKT" name="afterMethod" finished-at="2025-03-02T04:29:33 PKT" duration-ms="1962" status="PASS">
          <params>
            <param index="0">
              <value>
                <![CDATA[[TestResult name=InvalidUsername status=SUCCESS method=LoginTests.InvalidUsername()[pri:1, instance:Tests.LoginTests@c267ef4] output={null}]]]>
              </value>
            </param>
          </params>
          <reporter-output>
          </reporter-output>
        </test-method> <!-- afterMethod -->
        <test-method is-config="true" signature="beforeMethod()[pri:0, instance:Tests.LoginTests@c267ef4]" started-at="2025-03-02T04:29:33 PKT" name="beforeMethod" finished-at="2025-03-02T04:29:34 PKT" duration-ms="914" status="PASS">
          <reporter-output>
          </reporter-output>
        </test-method> <!-- beforeMethod -->
        <test-method is-config="true" signature="beforemethod(java.lang.reflect.Method)[pri:0, instance:Tests.LoginTests@c267ef4]" started-at="2025-03-02T04:29:34 PKT" name="beforemethod" finished-at="2025-03-02T04:29:35 PKT" duration-ms="730" status="PASS">
          <params>
            <param index="0">
              <value>
                <![CDATA[public void Tests.LoginTests.invalidPassword()]]>
              </value>
            </param>
          </params>
          <reporter-output>
          </reporter-output>
        </test-method> <!-- beforemethod -->
        <test-method signature="invalidPassword()[pri:2, instance:Tests.LoginTests@c267ef4]" started-at="2025-03-02T04:29:35 PKT" name="invalidPassword" finished-at="2025-03-02T04:29:40 PKT" duration-ms="5436" status="PASS">
          <reporter-output>
          </reporter-output>
        </test-method> <!-- invalidPassword -->
        <test-method is-config="true" signature="afterMethod(org.testng.ITestResult)[pri:0, instance:Tests.LoginTests@c267ef4]" started-at="2025-03-02T04:29:40 PKT" name="afterMethod" finished-at="2025-03-02T04:29:42 PKT" duration-ms="1677" status="PASS">
          <params>
            <param index="0">
              <value>
                <![CDATA[[TestResult name=invalidPassword status=SUCCESS method=LoginTests.invalidPassword()[pri:2, instance:Tests.LoginTests@c267ef4] output={null}]]]>
              </value>
            </param>
          </params>
          <reporter-output>
          </reporter-output>
        </test-method> <!-- afterMethod -->
        <test-method is-config="true" signature="beforeMethod()[pri:0, instance:Tests.LoginTests@c267ef4]" started-at="2025-03-02T04:29:42 PKT" name="beforeMethod" finished-at="2025-03-02T04:29:43 PKT" duration-ms="927" status="PASS">
          <reporter-output>
          </reporter-output>
        </test-method> <!-- beforeMethod -->
        <test-method is-config="true" signature="beforemethod(java.lang.reflect.Method)[pri:0, instance:Tests.LoginTests@c267ef4]" started-at="2025-03-02T04:29:43 PKT" name="beforemethod" finished-at="2025-03-02T04:29:43 PKT" duration-ms="281" status="PASS">
          <params>
            <param index="0">
              <value>
                <![CDATA[public void Tests.LoginTests.ValidLogin()]]>
              </value>
            </param>
          </params>
          <reporter-output>
          </reporter-output>
        </test-method> <!-- beforemethod -->
        <test-method signature="ValidLogin()[pri:3, instance:Tests.LoginTests@c267ef4]" started-at="2025-03-02T04:29:43 PKT" name="ValidLogin" finished-at="2025-03-02T04:29:47 PKT" duration-ms="4344" status="PASS">
          <reporter-output>
          </reporter-output>
        </test-method> <!-- ValidLogin -->
        <test-method is-config="true" signature="afterMethod(org.testng.ITestResult)[pri:0, instance:Tests.LoginTests@c267ef4]" started-at="2025-03-02T04:29:47 PKT" name="afterMethod" finished-at="2025-03-02T04:29:49 PKT" duration-ms="1695" status="PASS">
          <params>
            <param index="0">
              <value>
                <![CDATA[[TestResult name=ValidLogin status=SUCCESS method=LoginTests.ValidLogin()[pri:3, instance:Tests.LoginTests@c267ef4] output={null}]]]>
              </value>
            </param>
          </params>
          <reporter-output>
          </reporter-output>
        </test-method> <!-- afterMethod -->
        <test-method is-config="true" signature="closure()[pri:0, instance:Tests.LoginTests@c267ef4]" started-at="2025-03-02T04:29:49 PKT" name="closure" finished-at="2025-03-02T04:29:57 PKT" duration-ms="8431" status="PASS">
          <reporter-output>
          </reporter-output>
        </test-method> <!-- closure -->
        <test-method is-config="true" signature="afterSuite()[pri:0, instance:Tests.LoginTests@c267ef4]" started-at="2025-03-02T04:29:58 PKT" name="afterSuite" finished-at="2025-03-02T04:29:58 PKT" duration-ms="15" status="PASS">
          <reporter-output>
          </reporter-output>
        </test-method> <!-- afterSuite -->
      </class> <!-- Tests.LoginTests -->
    </test> <!-- Test -->
  </suite> <!-- All Test Suite -->
</testng-results>
