<?xml version="1.0" encoding="UTF-8"?>
<testng-results ignored="0" total="3" passed="3" failed="0" skipped="0">
  <reporter-output>
  </reporter-output>
  <suite started-at="2025-03-01T02:56:53 PKT" name="All Test Suite" finished-at="2025-03-01T02:57:51 PKT" duration-ms="58613">
    <groups>
    </groups>
    <test started-at="2025-03-01T02:56:53 PKT" name="Test" finished-at="2025-03-01T02:57:51 PKT" duration-ms="58613">
      <class name="Tests.LoginTests">
        <test-method is-config="true" signature="BeforeTestHook(java.lang.String,java.lang.String,java.lang.String)[pri:0, instance:Tests.LoginTests@7b50df34]" started-at="2025-03-01T02:56:53 PKT" name="BeforeTestHook" finished-at="2025-03-01T02:57:12 PKT" duration-ms="19212" status="PASS">
          <params>
            <param index="0">
              <value>
                <![CDATA[Android]]>
              </value>
            </param>
            <param index="1">
              <value>
                <![CDATA[pixel_7]]>
              </value>
            </param>
            <param index="2">
              <value>
                <![CDATA[emulator-5554]]>
              </value>
            </param>
          </params>
          <reporter-output>
          </reporter-output>
        </test-method> <!-- BeforeTestHook -->
        <test-method is-config="true" signature="beforeclass()[pri:0, instance:Tests.LoginTests@7b50df34]" started-at="2025-03-01T02:57:12 PKT" name="beforeclass" finished-at="2025-03-01T02:57:12 PKT" duration-ms="14" status="PASS">
          <reporter-output>
          </reporter-output>
        </test-method> <!-- beforeclass -->
        <test-method is-config="true" signature="beforeMethod()[pri:0, instance:Tests.LoginTests@7b50df34]" started-at="2025-03-01T02:57:12 PKT" name="beforeMethod" finished-at="2025-03-01T02:57:14 PKT" duration-ms="1935" status="PASS">
          <reporter-output>
          </reporter-output>
        </test-method> <!-- beforeMethod -->
        <test-method is-config="true" signature="beforemethod(java.lang.reflect.Method)[pri:0, instance:Tests.LoginTests@7b50df34]" started-at="2025-03-01T02:57:14 PKT" name="beforemethod" finished-at="2025-03-01T02:57:15 PKT" duration-ms="1226" status="PASS">
          <params>
            <param index="0">
              <value>
                <![CDATA[public void Tests.LoginTests.InvalidUsername()]]>
              </value>
            </param>
          </params>
          <reporter-output>
          </reporter-output>
        </test-method> <!-- beforemethod -->
        <test-method signature="InvalidUsername()[pri:1, instance:Tests.LoginTests@7b50df34]" started-at="2025-03-01T02:57:15 PKT" name="InvalidUsername" finished-at="2025-03-01T02:57:28 PKT" duration-ms="12413" status="PASS">
          <reporter-output>
          </reporter-output>
        </test-method> <!-- InvalidUsername -->
        <test-method is-config="true" signature="afterMethod(org.testng.ITestResult)[pri:0, instance:Tests.LoginTests@7b50df34]" started-at="2025-03-01T02:57:28 PKT" name="afterMethod" finished-at="2025-03-01T02:57:29 PKT" duration-ms="1759" status="PASS">
          <params>
            <param index="0">
              <value>
                <![CDATA[[TestResult name=InvalidUsername status=SUCCESS method=LoginTests.InvalidUsername()[pri:1, instance:Tests.LoginTests@7b50df34] output={null}]]]>
              </value>
            </param>
          </params>
          <reporter-output>
          </reporter-output>
        </test-method> <!-- afterMethod -->
        <test-method is-config="true" signature="beforeMethod()[pri:0, instance:Tests.LoginTests@7b50df34]" started-at="2025-03-01T02:57:29 PKT" name="beforeMethod" finished-at="2025-03-01T02:57:30 PKT" duration-ms="939" status="PASS">
          <reporter-output>
          </reporter-output>
        </test-method> <!-- beforeMethod -->
        <test-method is-config="true" signature="beforemethod(java.lang.reflect.Method)[pri:0, instance:Tests.LoginTests@7b50df34]" started-at="2025-03-01T02:57:30 PKT" name="beforemethod" finished-at="2025-03-01T02:57:31 PKT" duration-ms="177" status="PASS">
          <params>
            <param index="0">
              <value>
                <![CDATA[public void Tests.LoginTests.invalidPassword()]]>
              </value>
            </param>
          </params>
          <reporter-output>
          </reporter-output>
        </test-method> <!-- beforemethod -->
        <test-method signature="invalidPassword()[pri:2, instance:Tests.LoginTests@7b50df34]" started-at="2025-03-01T02:57:31 PKT" name="invalidPassword" finished-at="2025-03-01T02:57:35 PKT" duration-ms="4203" status="PASS">
          <reporter-output>
          </reporter-output>
        </test-method> <!-- invalidPassword -->
        <test-method is-config="true" signature="afterMethod(org.testng.ITestResult)[pri:0, instance:Tests.LoginTests@7b50df34]" started-at="2025-03-01T02:57:35 PKT" name="afterMethod" finished-at="2025-03-01T02:57:36 PKT" duration-ms="1568" status="PASS">
          <params>
            <param index="0">
              <value>
                <![CDATA[[TestResult name=invalidPassword status=SUCCESS method=LoginTests.invalidPassword()[pri:2, instance:Tests.LoginTests@7b50df34] output={null}]]]>
              </value>
            </param>
          </params>
          <reporter-output>
          </reporter-output>
        </test-method> <!-- afterMethod -->
        <test-method is-config="true" signature="beforeMethod()[pri:0, instance:Tests.LoginTests@7b50df34]" started-at="2025-03-01T02:57:36 PKT" name="beforeMethod" finished-at="2025-03-01T02:57:37 PKT" duration-ms="986" status="PASS">
          <reporter-output>
          </reporter-output>
        </test-method> <!-- beforeMethod -->
        <test-method is-config="true" signature="beforemethod(java.lang.reflect.Method)[pri:0, instance:Tests.LoginTests@7b50df34]" started-at="2025-03-01T02:57:37 PKT" name="beforemethod" finished-at="2025-03-01T02:57:38 PKT" duration-ms="240" status="PASS">
          <params>
            <param index="0">
              <value>
                <![CDATA[public void Tests.LoginTests.ValidLogin()]]>
              </value>
            </param>
          </params>
          <reporter-output>
          </reporter-output>
        </test-method> <!-- beforemethod -->
        <test-method signature="ValidLogin()[pri:3, instance:Tests.LoginTests@7b50df34]" started-at="2025-03-01T02:57:38 PKT" name="ValidLogin" finished-at="2025-03-01T02:57:41 PKT" duration-ms="3846" status="PASS">
          <reporter-output>
          </reporter-output>
        </test-method> <!-- ValidLogin -->
        <test-method is-config="true" signature="afterMethod(org.testng.ITestResult)[pri:0, instance:Tests.LoginTests@7b50df34]" started-at="2025-03-01T02:57:41 PKT" name="afterMethod" finished-at="2025-03-01T02:57:43 PKT" duration-ms="1798" status="PASS">
          <params>
            <param index="0">
              <value>
                <![CDATA[[TestResult name=ValidLogin status=SUCCESS method=LoginTests.ValidLogin()[pri:3, instance:Tests.LoginTests@7b50df34] output={null}]]]>
              </value>
            </param>
          </params>
          <reporter-output>
          </reporter-output>
        </test-method> <!-- afterMethod -->
        <test-method is-config="true" signature="closure()[pri:0, instance:Tests.LoginTests@7b50df34]" started-at="2025-03-01T02:57:43 PKT" name="closure" finished-at="2025-03-01T02:57:51 PKT" duration-ms="8227" status="PASS">
          <reporter-output>
          </reporter-output>
        </test-method> <!-- closure -->
      </class> <!-- Tests.LoginTests -->
    </test> <!-- Test -->
  </suite> <!-- All Test Suite -->
</testng-results>
